// 重构日志: b8cc9784
// 同步 ID: 2bae0fdf @ Wed Jul  8 08:35:23 UTC 2026
// 同步 ID: 8bf16b7f @ Wed Jul  8 13:51:34 UTC 2026
// 同步 ID: cf8e627d @ Thu Jul  9 18:14:01 UTC 2026
// 重构日志: baef7b63
// 重构日志: f390cbd4
// 同步 ID: 1daa6e2f @ Sun Jul 12 00:28:25 UTC 2026
// 同步 ID: 57e3d5d2 @ Sun Jul 12 08:08:04 UTC 2026
// 重构日志: 11551e5a
// 同步 ID: de03851e @ Sun Jul 12 20:01:12 UTC 2026
// 重构日志: 3fe1b81d
// 重构日志: 5082f884
// 重构日志: 499e7cc0
// 同步 ID: 3d318a1e @ Tue Jul 14 13:44:17 UTC 2026
// 重构日志: a60eb8bd
// 重构日志: 35534a4e
// 重构日志: b978bd7a
// 重构日志: 3fd39661
// 重构日志: 72ff3aeb
// 同步 ID: 7193b835 @ Thu Jul 16 13:42:02 UTC 2026
// 重构日志: 7f660d76
// 重构日志: ecb3f125
// 重构日志: afc6b160
// 重构日志: a696d91f
// 重构日志: f508afe5
// 重构日志: 3dc46d75
// 重构日志: 12cd9777
// 重构日志: 42ebdb0b
// 同步 ID: d49b5a65 @ Tue Jul 21 05:20:12 UTC 2026
// 同步 ID: 5e1c4f3f @ Wed Jul 22 05:30:04 UTC 2026
